[19 Mar 2020 15:52:25] Building database metadata model
[19 Mar 2020 15:52:25] Properties: {partialRefresh=false, processColumnsUsingSelect=, includePrimaryKeys=true, eventSocketClient=com.webratio.commons.net.EventSocketClient@28c75ad4, includeTables=true, username=root, outputLogPath=C:\Users\Pedro\Documents\MIEI\4º Ano\2º Semestre\Engenharia Web\New folder\.Temp~\DB.xml.log, readIndexes=null, driverClass=com.mysql.jdbc.Driver, includeSynonyms=true, metaDataProviderClass=com.webratio.commons.db.metadata.MySQLMetaDataProvider, outputPath=C:\Users\Pedro\Documents\MIEI\4º Ano\2º Semestre\Engenharia Web\New folder\.Temp~\DB.xml, schemaRegex=null, readProcedures=null, includeViews=true, derby.system.home=C:\WebRatio\WebRatio Platform 7.2.18.x64bit\workspace\.metadata\.plugins\com.webratio.commons.db\derby, url=jdbc:mysql://localhost:3306/safe_cross, tableRegex=null, readSQLDefinitions=true, includeForeignKeys=false, retrieveAllNames=false, tablesToRefresh=, eventSocketPort=50268}
[19 Mar 2020 15:52:25] URL: jdbc:mysql://localhost:3306/safe_cross
[19 Mar 2020 15:52:25] Product name: MySQL
[19 Mar 2020 15:52:25] Product version: 8.0.19
[19 Mar 2020 15:52:25] Driver name: MySQL Connector Java
[19 Mar 2020 15:52:25] Driver version: mysql-connector-java-5.1.47 ( Revision: fe1903b1ecb4a96a917f7ed3190d80c049b1de29 )
[19 Mar 2020 15:52:25] Driver major version: 5
[19 Mar 2020 15:52:25] Driver minor version: 1
[19 Mar 2020 15:52:25] Identifier quote string: 1
[19 Mar 2020 15:52:25] Retrieving schemas
[19 Mar 2020 15:52:25] Retrieving [TABLE, VIEW, SYNONYM] for schema ''
[19 Mar 2020 15:52:25]   Found 'crosswalk' [type = TABLE]
[19 Mar 2020 15:52:25]   Found 'group' [type = TABLE]
[19 Mar 2020 15:52:25]   Found 'group_module' [type = TABLE]
[19 Mar 2020 15:52:25]   Found 'location' [type = TABLE]
[19 Mar 2020 15:52:25]   Found 'module' [type = TABLE]
[19 Mar 2020 15:52:25]   Found 'pedestrian' [type = TABLE]
[19 Mar 2020 15:52:25]   Found 'user' [type = TABLE]
[19 Mar 2020 15:52:25]   Found 'user_group' [type = TABLE]
[19 Mar 2020 15:52:25]   Found 'vehicle' [type = TABLE]
[19 Mar 2020 15:52:25] Retrieving columns for 'crosswalk' [type = TABLE]
[19 Mar 2020 15:52:25]   Found column: oid [type = INT][SQL/XOPEN type = 4][size = 10][dec. digits = 0]
[19 Mar 2020 15:52:25]   Found column: traffic_light [type = INT][SQL/XOPEN type = 4][size = 10][dec. digits = 0]
[19 Mar 2020 15:52:25]   Found column: location_oid [type = INT][SQL/XOPEN type = 4][size = 10][dec. digits = 0]
[19 Mar 2020 15:52:25] Retrieving primary keys for 'crosswalk' [type = TABLE]
[19 Mar 2020 15:52:25]   Found primary key column: oid
[19 Mar 2020 15:52:25] Retrieving columns for 'group' [type = TABLE]
[19 Mar 2020 15:52:25]   Found column: oid [type = INT][SQL/XOPEN type = 4][size = 10][dec. digits = 0]
[19 Mar 2020 15:52:25]   Found column: groupname [type = VARCHAR][SQL/XOPEN type = 12][size = 255][dec. digits = 0]
[19 Mar 2020 15:52:25]   Found column: module_oid [type = INT][SQL/XOPEN type = 4][size = 10][dec. digits = 0]
[19 Mar 2020 15:52:25] Retrieving primary keys for 'group' [type = TABLE]
[19 Mar 2020 15:52:25]   Found primary key column: oid
[19 Mar 2020 15:52:25] Retrieving columns for 'group_module' [type = TABLE]
[19 Mar 2020 15:52:25]   Found column: group_oid [type = INT][SQL/XOPEN type = 4][size = 10][dec. digits = 0]
[19 Mar 2020 15:52:25]   Found column: module_oid [type = INT][SQL/XOPEN type = 4][size = 10][dec. digits = 0]
[19 Mar 2020 15:52:25] Retrieving primary keys for 'group_module' [type = TABLE]
[19 Mar 2020 15:52:25]   Found primary key column: group_oid
[19 Mar 2020 15:52:25]   Found primary key column: module_oid
[19 Mar 2020 15:52:25] Retrieving columns for 'location' [type = TABLE]
[19 Mar 2020 15:52:25]   Found column: oid [type = INT][SQL/XOPEN type = 4][size = 10][dec. digits = 0]
[19 Mar 2020 15:52:25]   Found column: x [type = DOUBLE][SQL/XOPEN type = 8][size = 22][dec. digits = 0]
[19 Mar 2020 15:52:25]   Found column: y [type = DOUBLE][SQL/XOPEN type = 8][size = 22][dec. digits = 0]
[19 Mar 2020 15:52:25] Retrieving primary keys for 'location' [type = TABLE]
[19 Mar 2020 15:52:25]   Found primary key column: oid
[19 Mar 2020 15:52:25] Retrieving columns for 'module' [type = TABLE]
[19 Mar 2020 15:52:25]   Found column: oid [type = INT][SQL/XOPEN type = 4][size = 10][dec. digits = 0]
[19 Mar 2020 15:52:25]   Found column: moduleid [type = VARCHAR][SQL/XOPEN type = 12][size = 255][dec. digits = 0]
[19 Mar 2020 15:52:25]   Found column: modulename [type = VARCHAR][SQL/XOPEN type = 12][size = 255][dec. digits = 0]
[19 Mar 2020 15:52:25] Retrieving primary keys for 'module' [type = TABLE]
[19 Mar 2020 15:52:25]   Found primary key column: oid
[19 Mar 2020 15:52:25] Retrieving columns for 'pedestrian' [type = TABLE]
[19 Mar 2020 15:52:25]   Found column: oid [type = INT][SQL/XOPEN type = 4][size = 10][dec. digits = 0]
[19 Mar 2020 15:52:25]   Found column: crosswalk_oid [type = INT][SQL/XOPEN type = 4][size = 10][dec. digits = 0]
[19 Mar 2020 15:52:25]   Found column: location_oid [type = INT][SQL/XOPEN type = 4][size = 10][dec. digits = 0]
[19 Mar 2020 15:52:25] Retrieving primary keys for 'pedestrian' [type = TABLE]
[19 Mar 2020 15:52:25]   Found primary key column: oid
[19 Mar 2020 15:52:25] Retrieving columns for 'user' [type = TABLE]
[19 Mar 2020 15:52:25]   Found column: oid [type = INT][SQL/XOPEN type = 4][size = 10][dec. digits = 0]
[19 Mar 2020 15:52:25]   Found column: username [type = VARCHAR][SQL/XOPEN type = 12][size = 255][dec. digits = 0]
[19 Mar 2020 15:52:25]   Found column: password [type = VARCHAR][SQL/XOPEN type = 12][size = 255][dec. digits = 0]
[19 Mar 2020 15:52:25]   Found column: email [type = VARCHAR][SQL/XOPEN type = 12][size = 255][dec. digits = 0]
[19 Mar 2020 15:52:25]   Found column: group_oid [type = INT][SQL/XOPEN type = 4][size = 10][dec. digits = 0]
[19 Mar 2020 15:52:25] Retrieving primary keys for 'user' [type = TABLE]
[19 Mar 2020 15:52:25]   Found primary key column: oid
[19 Mar 2020 15:52:25] Retrieving columns for 'user_group' [type = TABLE]
[19 Mar 2020 15:52:25]   Found column: user_oid [type = INT][SQL/XOPEN type = 4][size = 10][dec. digits = 0]
[19 Mar 2020 15:52:25]   Found column: group_oid [type = INT][SQL/XOPEN type = 4][size = 10][dec. digits = 0]
[19 Mar 2020 15:52:25] Retrieving primary keys for 'user_group' [type = TABLE]
[19 Mar 2020 15:52:25]   Found primary key column: user_oid
[19 Mar 2020 15:52:25]   Found primary key column: group_oid
[19 Mar 2020 15:52:25] Retrieving columns for 'vehicle' [type = TABLE]
[19 Mar 2020 15:52:25]   Found column: oid [type = INT][SQL/XOPEN type = 4][size = 10][dec. digits = 0]
[19 Mar 2020 15:52:25]   Found column: location_oid [type = INT][SQL/XOPEN type = 4][size = 10][dec. digits = 0]
[19 Mar 2020 15:52:25]   Found column: crosswalk_oid [type = INT][SQL/XOPEN type = 4][size = 10][dec. digits = 0]
[19 Mar 2020 15:52:25] Retrieving primary keys for 'vehicle' [type = TABLE]
[19 Mar 2020 15:52:25]   Found primary key column: oid
[19 Mar 2020 15:52:25] Database metadata retrieved (276 ms)
[19 Mar 2020 15:52:25] Retrieving auto-increment columns for 'crosswalk' [type = TABLE]
[19 Mar 2020 15:52:25] Retrieving auto-increment columns for 'group' [type = TABLE]
[19 Mar 2020 15:52:25] Retrieving auto-increment columns for 'group_module' [type = TABLE]
[19 Mar 2020 15:52:25] Retrieving auto-increment columns for 'location' [type = TABLE]
[19 Mar 2020 15:52:25] Retrieving auto-increment columns for 'module' [type = TABLE]
[19 Mar 2020 15:52:25] Retrieving auto-increment columns for 'pedestrian' [type = TABLE]
[19 Mar 2020 15:52:25] Retrieving auto-increment columns for 'user' [type = TABLE]
[19 Mar 2020 15:52:25] Retrieving auto-increment columns for 'user_group' [type = TABLE]
[19 Mar 2020 15:52:25] Retrieving auto-increment columns for 'vehicle' [type = TABLE]
[19 Mar 2020 15:52:25] Database connection closed
