[06 Abr 2020 12:31:53] DEBUG Executing SQL script
[06 Abr 2020 12:31:53] INFO ================================================================================
[06 Abr 2020 12:31:53] INFO onError= 'stop'
[06 Abr 2020 12:31:53] INFO autoCommit= 'false'
[06 Abr 2020 12:31:53] INFO username= 'root'
[06 Abr 2020 12:31:53] INFO outputPath= 'C:\WebRatio\WebRatio Platform 7.2.18.x64bit\workspace\SafeCross\.Temp~\UpdateSQL.xml'
[06 Abr 2020 12:31:53] INFO outputLogPath= 'C:\WebRatio\WebRatio Platform 7.2.18.x64bit\workspace\SafeCross\.Temp~\UpdateSQL.xml.log'
[06 Abr 2020 12:31:53] INFO encoding= ''
[06 Abr 2020 12:31:53] INFO driverClass= 'com.mysql.jdbc.Driver'
[06 Abr 2020 12:31:53] INFO sqlScript= 'C:\WebRatio\WebRatio Platform 7.2.18.x64bit\workspace\SafeCross\.Temp~\UpdateSQL.sql'
[06 Abr 2020 12:31:53] INFO eventSocketPort= '55129'
[06 Abr 2020 12:31:53] INFO statementSeparator= ';'
[06 Abr 2020 12:31:53] INFO derby.system.home= 'C:\WebRatio\WebRatio Platform 7.2.18.x64bit\workspace\.metadata\.plugins\com.webratio.commons.db\derby'
[06 Abr 2020 12:31:53] INFO password= '1234567890'
[06 Abr 2020 12:31:53] INFO url= 'jdbc:mysql://localhost:3306/safe_cross'
[06 Abr 2020 12:31:53] INFO ================================================================================
[06 Abr 2020 12:31:53] INFO Connecting to the Database...
[06 Abr 2020 12:31:54] INFO Database connection estabilished
[06 Abr 2020 12:31:54] INFO transaction isolation: 4
[06 Abr 2020 12:31:54] DEBUG ================================================================================
[06 Abr 2020 12:31:54] DEBUG Executing SQL script file: C:\WebRatio\WebRatio Platform 7.2.18.x64bit\workspace\SafeCross\.Temp~\UpdateSQL.sql
[06 Abr 2020 12:31:54] DEBUG Executing statement:  alter table `vehicle`  add column  `distance`  double precision
[06 Abr 2020 12:31:54] DEBUG ================================================================================
[06 Abr 2020 12:31:54] DEBUG SQL SCRIPT SUCCESSFULLY EXECUTED
[06 Abr 2020 12:31:54] INFO Database connection closed
[06 Abr 2020 12:31:54] DEBUG Total time: 1164 milliseconds
